#! /usr/share/iverilog-0.9.6/bin/vvp
:ivl_version "0.9.6 " "(v0_9_6)";
:vpi_time_precision + 0;
:vpi_module "system";
:vpi_module "v2005_math";
:vpi_module "va_math";
S_0x256c700 .scope module, "stimulus" "stimulus" 2 3;
 .timescale 0 0;
v0x25a0120_0 .var "in", 15 0;
v0x25a01f0_0 .net "out", 4 0, v0x25a0080_0; 1 drivers
S_0x258f720 .scope module, "c0" "count_0" 2 6, 3 2, S_0x256c700;
 .timescale 0 0;
v0x258f840_0 .var/i "i", 31 0;
v0x259ffe0_0 .net "in", 15 0, v0x25a0120_0; 1 drivers
v0x25a0080_0 .var "out", 4 0;
E_0x258f810 .event edge, v0x259ffe0_0;
    .scope S_0x258f720;
T_0 ;
    %wait E_0x258f810;
    %set/v v0x25a0080_0, 0, 5;
    %set/v v0x258f840_0, 0, 32;
T_0.0 ;
    %load/v 8, v0x258f840_0, 32;
   %cmpi/s 8, 16, 32;
    %jmp/0xz T_0.1, 5;
    %ix/getv/s 1, v0x258f840_0;
    %jmp/1 T_0.2, 4;
    %load/x1p 8, v0x259ffe0_0, 1;
    %jmp T_0.3;
T_0.2 ;
    %mov 8, 2, 1;
T_0.3 ;
; Save base=8 wid=1 in lookaside.
    %cmpi/u 8, 0, 1;
    %jmp/0xz  T_0.4, 4;
    %load/v 8, v0x25a0080_0, 5;
    %mov 13, 0, 27;
    %addi 8, 1, 32;
    %set/v v0x25a0080_0, 8, 5;
T_0.4 ;
    %ix/load 0, 1, 0;
    %load/vp0/s 8, v0x258f840_0, 32;
    %set/v v0x258f840_0, 8, 32;
    %jmp T_0.0;
T_0.1 ;
    %jmp T_0;
    .thread T_0, $push;
    .scope S_0x256c700;
T_1 ;
    %vpi_call 2 9 "$dumpfile", "dump1.vcd";
    %vpi_call 2 10 "$dumpvars", 2'sb01, S_0x256c700;
    %set/v v0x25a0120_0, 0, 16;
    %delay 100, 0;
    %movi 8, 44975, 16;
    %set/v v0x25a0120_0, 8, 16;
    %delay 100, 0;
    %movi 8, 35792, 16;
    %set/v v0x25a0120_0, 8, 16;
    %delay 100, 0;
    %set/v v0x25a0120_0, 1, 16;
    %delay 200, 0;
    %end;
    .thread T_1;
    .scope S_0x256c700;
T_2 ;
    %vpi_call 2 26 "$monitor", $time, " - Input=%b ___ No of zeroes=%d", v0x25a0120_0, v0x25a01f0_0;
    %end;
    .thread T_2;
# The file index is used to find the file name in the following table.
:file_names 4;
    "N/A";
    "<interactive>";
    "testbench.sv";
    "design.sv";
